RUN	simulations.UpdateUserSimulation	updateusersimulation	1707323622292	checking	3.6.1
USER	update user	START	1707323623729
USER	Create User	START	1707323623729
USER	Delete User	START	1707323623735
REQUEST		delete user	1707323623765	1707323624608	OK	 
REQUEST		create use request	1707323623765	1707323624615	OK	 
USER	Delete User	START	1707323624705
USER	update user	START	1707323624705
USER	Create User	START	1707323624721
REQUEST		update user	1707323623765	1707323624978	OK	 
REQUEST		delete user	1707323624705	1707323625164	OK	 
REQUEST		update user	1707323624705	1707323625253	OK	 
REQUEST		create use request	1707323624721	1707323625256	OK	 
USER	Delete User	END	1707323625652
USER	Create User	END	1707323625695
USER	Delete User	START	1707323625710
USER	Create User	START	1707323625710
USER	update user	START	1707323625710
USER	update user	END	1707323625993
USER	Delete User	END	1707323626181
REQUEST		update user	1707323625711	1707323626248	OK	 
USER	update user	END	1707323626260
USER	Create User	END	1707323626260
REQUEST		delete user	1707323625711	1707323626260	OK	 
REQUEST		create use request	1707323625711	1707323626280	OK	 
USER	Create User	START	1707323626713
USER	update user	START	1707323626713
USER	Delete User	START	1707323626713
REQUEST		delete user	1707323626714	1707323627131	OK	 
USER	update user	END	1707323627263
USER	Delete User	END	1707323627282
USER	Create User	END	1707323627293
REQUEST		create use request	1707323626714	1707323627345	OK	 
REQUEST		update user	1707323626714	1707323627345	OK	 
USER	Create User	START	1707323627717
USER	update user	START	1707323627717
USER	Delete User	START	1707323627717
REQUEST		delete user	1707323627718	1707323628109	OK	 
REQUEST		create use request	1707323627718	1707323628115	OK	 
USER	Delete User	END	1707323628143
REQUEST		update user	1707323627718	1707323628152	OK	 
USER	update user	END	1707323628350
USER	Create User	END	1707323628350
USER	update user	START	1707323628713
USER	Create User	START	1707323628713
USER	Create User	END	1707323629120
USER	Delete User	END	1707323629120
USER	update user	END	1707323629167
REQUEST		update user	1707323628713	1707323629229	OK	 
REQUEST		create use request	1707323628713	1707323629683	OK	 
USER	update user	START	1707323629705
USER	Create User	START	1707323629705
REQUEST		update user	1707323629705	1707323630111	OK	 
REQUEST		create use request	1707323629705	1707323630216	OK	 
USER	update user	END	1707323630239
USER	Create User	END	1707323630695
USER	Create User	START	1707323630709
USER	update user	START	1707323630709
USER	update user	END	1707323631119
REQUEST		update user	1707323630710	1707323631168	OK	 
REQUEST		create use request	1707323630710	1707323631168	OK	 
USER	Create User	END	1707323631228
USER	Create User	START	1707323631715
USER	update user	START	1707323631715
REQUEST		update user	1707323631716	1707323632143	OK	 
REQUEST		create use request	1707323631716	1707323632146	OK	 
USER	update user	END	1707323632184
USER	Create User	END	1707323632184
USER	update user	START	1707323632702
USER	Create User	START	1707323632717
REQUEST		update user	1707323632703	1707323633141	OK	 
USER	update user	END	1707323633155
USER	Create User	END	1707323633155
REQUEST		create use request	1707323632718	1707323633177	OK	 
USER	update user	END	1707323634147
USER	Create User	END	1707323634193
