RUN	git.GitHubSearchSimulation	githubsearchsimulation	1710178965574	git check	3.6.1
USER	GitHub Search	START	1710178967546
USER	GitHub Search	START	1710178968048
REQUEST		GitHub Home	1710178967573	1710178968116	OK	 
USER	GitHub Search	START	1710178968541
REQUEST		GitHub Home	1710178968049	1710178968951	OK	 
USER	GitHub Search	START	1710178969036
REQUEST		GitHub Home	1710178968542	1710178969072	OK	 
USER	GitHub Search	START	1710178969547
REQUEST		GitHub Home	1710178969037	1710178969844	OK	 
USER	GitHub Search	START	1710178970031
USER	GitHub Search	START	1710178970545
USER	GitHub Search	START	1710178971038
REQUEST		GitHub Home	1710178970032	1710178971166	OK	 
REQUEST		GitHub Search	1710178970961	1710178971260	OK	 
USER	GitHub Search	END	1710178971267
REQUEST		GitHub Search	1710178971087	1710178971337	OK	 
USER	GitHub Search	END	1710178971338
USER	GitHub Search	START	1710178971539
USER	GitHub Search	START	1710178972037
REQUEST		GitHub Search	1710178970158	1710178972081	OK	 
USER	GitHub Search	END	1710178972082
REQUEST		GitHub Home	1710178969548	1710178972101	OK	 
REQUEST		GitHub Home	1710178970545	1710178972184	OK	 
REQUEST		GitHub Search	1710178971851	1710178972199	OK	 
USER	GitHub Search	END	1710178972200
REQUEST		GitHub Home	1710178971039	1710178972296	OK	 
REQUEST		GitHub Home	1710178971540	1710178972391	OK	 
REQUEST		GitHub Home	1710178972037	1710178972478	OK	 
USER	GitHub Search	START	1710178972536
USER	GitHub Search	START	1710178972646
USER	GitHub Search	START	1710178972741
REQUEST		GitHub Home	1710178972537	1710178972757	OK	 
USER	GitHub Search	START	1710178972834
REQUEST		GitHub Home	1710178972647	1710178972883	OK	 
USER	GitHub Search	START	1710178972942
REQUEST		GitHub Home	1710178972741	1710178972982	OK	 
USER	GitHub Search	START	1710178973036
REQUEST		GitHub Home	1710178972835	1710178973094	OK	 
USER	GitHub Search	START	1710178973146
REQUEST		GitHub Home	1710178972943	1710178973194	OK	 
USER	GitHub Search	START	1710178973240
USER	GitHub Search	START	1710178973334
REQUEST		GitHub Search	1710178973177	1710178973380	OK	 
USER	GitHub Search	END	1710178973381
USER	GitHub Search	START	1710178973442
REQUEST		GitHub Home	1710178973036	1710178973456	OK	 
USER	GitHub Search	START	1710178973534
REQUEST		GitHub Home	1710178973146	1710178973581	OK	 
USER	GitHub Search	START	1710178973642
REQUEST		GitHub Home	1710178973241	1710178973709	OK	 
USER	GitHub Search	START	1710178973735
REQUEST		GitHub Home	1710178973334	1710178973790	OK	 
USER	GitHub Search	START	1710178973844
REQUEST		GitHub Home	1710178973443	1710178973871	OK	 
USER	GitHub Search	START	1710178973938
REQUEST		GitHub Home	1710178973535	1710178973981	OK	 
USER	GitHub Search	START	1710178974046
REQUEST		GitHub Home	1710178973643	1710178974093	OK	 
USER	GitHub Search	START	1710178974140
REQUEST		GitHub Home	1710178973735	1710178974177	OK	 
USER	GitHub Search	START	1710178974233
USER	GitHub Search	START	1710178974341
USER	GitHub Search	START	1710178974435
REQUEST		GitHub Home	1710178973845	1710178974444	OK	 
REQUEST		GitHub Search	1710178974186	1710178974457	OK	 
USER	GitHub Search	END	1710178974458
USER	GitHub Search	START	1710178974544
USER	GitHub Search	START	1710178974637
USER	GitHub Search	START	1710178974730
REQUEST		GitHub Search	1710178974310	1710178974752	OK	 
USER	GitHub Search	END	1710178974753
USER	GitHub Search	START	1710178974838
REQUEST		GitHub Search	1710178974404	1710178974881	OK	 
USER	GitHub Search	END	1710178974882
USER	GitHub Search	START	1710178974932
REQUEST		GitHub Search	1710178974483	1710178974965	OK	 
USER	GitHub Search	END	1710178974966
REQUEST		GitHub Home	1710178973938	1710178974972	OK	 
REQUEST		GitHub Search	1710178974108	1710178975037	OK	 
USER	GitHub Search	END	1710178975038
USER	GitHub Search	START	1710178975038
USER	GitHub Search	START	1710178975145
USER	GitHub Search	START	1710178975238
USER	GitHub Search	START	1710178975346
REQUEST		GitHub Search	1710178974760	1710178975434	OK	 
USER	GitHub Search	END	1710178975435
USER	GitHub Search	START	1710178975439
USER	GitHub Search	START	1710178975549
REQUEST		GitHub Home	1710178974046	1710178975585	OK	 
REQUEST		GitHub Search	1710178974886	1710178975607	OK	 
USER	GitHub Search	END	1710178975608
USER	GitHub Search	START	1710178975639
REQUEST		GitHub Search	1710178975100	1710178975682	OK	 
USER	GitHub Search	END	1710178975683
REQUEST		GitHub Search	1710178974993	1710178975725	OK	 
USER	GitHub Search	END	1710178975726
USER	GitHub Search	START	1710178975733
REQUEST		GitHub Search	1710178975207	1710178975821	OK	 
USER	GitHub Search	END	1710178975822
USER	GitHub Search	START	1710178975836
USER	GitHub Search	START	1710178975937
REQUEST		GitHub Home	1710178974140	1710178975967	OK	 
USER	GitHub Search	START	1710178976045
USER	GitHub Search	START	1710178976138
USER	GitHub Search	START	1710178976246
REQUEST		GitHub Search	1710178975594	1710178976325	OK	 
USER	GitHub Search	END	1710178976326
USER	GitHub Search	START	1710178976339
USER	GitHub Search	START	1710178976446
USER	GitHub Search	START	1710178976540
REQUEST		GitHub Search	1710178975718	1710178976544	OK	 
USER	GitHub Search	END	1710178976545
REQUEST		GitHub Search	1710178975470	1710178976547	OK	 
USER	GitHub Search	END	1710178976548
USER	GitHub Search	START	1710178976632
REQUEST		GitHub Search	1710178975796	1710178976668	OK	 
USER	GitHub Search	END	1710178976669
REQUEST		GitHub Home	1710178974233	1710178976708	OK	 
USER	GitHub Search	START	1710178976740
USER	GitHub Search	START	1710178976833
USER	GitHub Search	START	1710178976940
USER	GitHub Search	START	1710178977033
USER	GitHub Search	START	1710178977143
USER	GitHub Search	START	1710178977236
REQUEST		GitHub Home	1710178974341	1710178977257	OK	 
USER	GitHub Search	START	1710178977344
REQUEST		GitHub Search	1710178975874	1710178977392	OK	 
USER	GitHub Search	END	1710178977393
REQUEST		GitHub Home	1710178974436	1710178977431	OK	 
USER	GitHub Search	START	1710178977439
USER	GitHub Search	START	1710178977531
USER	GitHub Search	START	1710178977640
USER	GitHub Search	START	1710178977734
REQUEST		GitHub Home	1710178974545	1710178977836	OK	 
USER	GitHub Search	START	1710178977838
REQUEST		GitHub Home	1710178974637	1710178977889	OK	 
REQUEST		GitHub Home	1710178974731	1710178977911	OK	 
USER	GitHub Search	START	1710178977937
USER	GitHub Search	START	1710178978031
USER	GitHub Search	START	1710178978140
REQUEST		GitHub Home	1710178974839	1710178978213	OK	 
USER	GitHub Search	START	1710178978232
REQUEST		GitHub Home	1710178974932	1710178978272	OK	 
REQUEST		GitHub Search	1710178976987	1710178978310	OK	 
USER	GitHub Search	END	1710178978311
USER	GitHub Search	START	1710178978340
REQUEST		GitHub Search	1710178977593	1710178978425	OK	 
USER	GitHub Search	END	1710178978426
USER	GitHub Search	START	1710178978434
REQUEST		GitHub Search	1710178975986	1710178978464	OK	 
USER	GitHub Search	END	1710178978466
REQUEST		GitHub Home	1710178975038	1710178978536	OK	 
USER	GitHub Search	START	1710178978544
USER	GitHub Search	START	1710178978638
USER	GitHub Search	START	1710178978731
REQUEST		GitHub Home	1710178975238	1710178978835	OK	 
USER	GitHub Search	START	1710178978842
USER	GitHub Search	START	1710178978936
REQUEST		GitHub Home	1710178975347	1710178978987	OK	 
USER	GitHub Search	START	1710178979045
REQUEST		GitHub Home	1710178975146	1710178979083	OK	 
REQUEST		GitHub Search	1710178977985	1710178979099	OK	 
USER	GitHub Search	END	1710178979100
USER	GitHub Search	START	1710178979137
REQUEST		GitHub Home	1710178975439	1710178979186	OK	 
USER	GitHub Search	START	1710178979231
REQUEST		GitHub Home	1710178975549	1710178979330	OK	 
USER	GitHub Search	START	1710178979335
USER	GitHub Search	START	1710178979432
REQUEST		GitHub Home	1710178975640	1710178979480	OK	 
USER	GitHub Search	START	1710178979539
USER	GitHub Search	START	1710178979631
REQUEST		GitHub Home	1710178975734	1710178979662	OK	 
USER	GitHub Search	START	1710178979738
USER	GitHub Search	START	1710178979834
REQUEST		GitHub Home	1710178975836	1710178979874	OK	 
USER	GitHub Search	START	1710178979943
USER	GitHub Search	START	1710178980036
REQUEST		GitHub Home	1710178975937	1710178980067	OK	 
USER	GitHub Search	START	1710178980143
REQUEST		GitHub Search	1710178978718	1710178980211	OK	 
USER	GitHub Search	END	1710178980212
USER	GitHub Search	START	1710178980236
REQUEST		GitHub Home	1710178976045	1710178980305	OK	 
USER	GitHub Search	START	1710178980337
REQUEST		GitHub Home	1710178976139	1710178980437	OK	 
USER	GitHub Search	START	1710178980439
USER	GitHub Search	START	1710178980533
USER	GitHub Search	START	1710178980642
USER	GitHub Search	START	1710178980733
REQUEST		GitHub Home	1710178976246	1710178980734	OK	 
REQUEST		GitHub Search	1710178976184	1710178980746	OK	 
USER	GitHub Search	END	1710178980747
USER	GitHub Search	START	1710178980842
REQUEST		GitHub Home	1710178976339	1710178980847	OK	 
USER	GitHub Search	START	1710178980937
USER	GitHub Search	START	1710178981045
REQUEST		GitHub Home	1710178976446	1710178981046	OK	 
USER	GitHub Search	START	1710178981139
USER	GitHub Search	START	1710178981233
REQUEST		GitHub Home	1710178976540	1710178981270	OK	 
REQUEST		GitHub Home	1710178976633	1710178981306	OK	 
REQUEST		GitHub Search	1710178979262	1710178981327	OK	 
USER	GitHub Search	END	1710178981327
USER	GitHub Search	START	1710178981344
USER	GitHub Search	START	1710178981431
REQUEST		GitHub Home	1710178976740	1710178981527	OK	 
USER	GitHub Search	START	1710178981543
REQUEST		GitHub Search	1710178979896	1710178981615	OK	 
USER	GitHub Search	END	1710178981615
USER	GitHub Search	START	1710178981635
REQUEST		GitHub Search	1710178979927	1710178981701	OK	 
USER	GitHub Search	END	1710178981702
REQUEST		GitHub Home	1710178976834	1710178981721	OK	 
USER	GitHub Search	START	1710178981742
USER	GitHub Search	START	1710178981835
REQUEST		GitHub Search	1710178979448	1710178981847	OK	 
USER	GitHub Search	END	1710178981848
REQUEST		GitHub Home	1710178976941	1710178981875	OK	 
USER	GitHub Search	START	1710178981945
USER	GitHub Search	START	1710178982039
REQUEST		GitHub Search	1710178980219	1710178982066	OK	 
USER	GitHub Search	END	1710178982068
USER	GitHub Search	START	1710178982131
REQUEST		GitHub Home	1710178977034	1710178982152	OK	 
USER	GitHub Search	START	1710178982239
REQUEST		GitHub Search	1710178980283	1710178982316	OK	 
USER	GitHub Search	END	1710178982317
USER	GitHub Search	START	1710178982331
REQUEST		GitHub Home	1710178977143	1710178982356	OK	 
REQUEST		GitHub Home	1710178977236	1710178982391	OK	 
USER	GitHub Search	START	1710178982438
REQUEST		GitHub Search	1710178979849	1710178982452	OK	 
USER	GitHub Search	END	1710178982453
REQUEST		GitHub Search	1710178980548	1710178982541	OK	 
USER	GitHub Search	END	1710178982543
REQUEST		GitHub Home	1710178977345	1710178982631	OK	 
REQUEST		GitHub Search	1710178980841	1710178982770	OK	 
USER	GitHub Search	END	1710178982771
REQUEST		GitHub Home	1710178977439	1710178982816	OK	 
REQUEST		GitHub Home	1710178977532	1710178982912	OK	 
REQUEST		GitHub Search	1710178980994	1710178982999	OK	 
USER	GitHub Search	END	1710178983000
REQUEST		GitHub Home	1710178977640	1710178983175	OK	 
REQUEST		GitHub Home	1710178977734	1710178983252	OK	 
REQUEST		GitHub Home	1710178977838	1710178983820	OK	 
REQUEST		GitHub Home	1710178977938	1710178984033	OK	 
REQUEST		GitHub Home	1710178978032	1710178984270	OK	 
REQUEST		GitHub Search	1710178981202	1710178984321	OK	 
USER	GitHub Search	END	1710178984322
REQUEST		GitHub Search	1710178982315	1710178984505	OK	 
USER	GitHub Search	END	1710178984506
REQUEST		GitHub Home	1710178978140	1710178984579	OK	 
REQUEST		GitHub Search	1710178976446	1710178984644	OK	 
USER	GitHub Search	END	1710178984645
REQUEST		GitHub Search	1710178976107	1710178984652	OK	 
REQUEST		GitHub Search	1710178981483	1710178984652	OK	 
USER	GitHub Search	END	1710178984653
USER	GitHub Search	END	1710178984653
REQUEST		GitHub Search	1710178981665	1710178984742	OK	 
USER	GitHub Search	END	1710178984742
REQUEST		GitHub Home	1710178978232	1710178984881	OK	 
REQUEST		GitHub Search	1710178981876	1710178985058	OK	 
USER	GitHub Search	END	1710178985058
REQUEST		GitHub Home	1710178978341	1710178985096	OK	 
REQUEST		GitHub Search	1710178982069	1710178985193	OK	 
USER	GitHub Search	END	1710178985194
REQUEST		GitHub Home	1710178978435	1710178985329	OK	 
REQUEST		GitHub Search	1710178983320	1710178985573	OK	 
USER	GitHub Search	END	1710178985573
REQUEST		GitHub Home	1710178978544	1710178985825	OK	 
REQUEST		GitHub Search	1710178983726	1710178985961	OK	 
USER	GitHub Search	END	1710178985962
REQUEST		GitHub Search	1710178982749	1710178985973	OK	 
USER	GitHub Search	END	1710178985974
REQUEST		GitHub Home	1710178978638	1710178986074	OK	 
REQUEST		GitHub Search	1710178982856	1710178986163	OK	 
USER	GitHub Search	END	1710178986164
REQUEST		GitHub Search	1710178983882	1710178986233	OK	 
USER	GitHub Search	END	1710178986234
REQUEST		GitHub Search	1710178983058	1710178986334	OK	 
USER	GitHub Search	END	1710178986336
REQUEST		GitHub Search	1710178984161	1710178986461	OK	 
USER	GitHub Search	END	1710178986462
REQUEST		GitHub Search	1710178981092	1710178986534	OK	 
USER	GitHub Search	END	1710178986535
REQUEST		GitHub Home	1710178978732	1710178986558	OK	 
REQUEST		GitHub Search	1710178983274	1710178986596	OK	 
USER	GitHub Search	END	1710178986598
REQUEST		GitHub Search	1710178984394	1710178986725	OK	 
USER	GitHub Search	END	1710178986725
REQUEST		GitHub Home	1710178978842	1710178986772	OK	 
REQUEST		GitHub Search	1710178983539	1710178986848	OK	 
USER	GitHub Search	END	1710178986848
REQUEST		GitHub Search	1710178984646	1710178986940	OK	 
USER	GitHub Search	END	1710178986941
REQUEST		GitHub Home	1710178978936	1710178986976	OK	 
REQUEST		GitHub Home	1710178979045	1710178987287	OK	 
REQUEST		GitHub Search	1710178984924	1710178987350	OK	 
USER	GitHub Search	END	1710178987351
REQUEST		GitHub Home	1710178979137	1710178987387	OK	 
REQUEST		GitHub Search	1710178984364	1710178987719	OK	 
USER	GitHub Search	END	1710178987720
REQUEST		GitHub Home	1710178979232	1710178987768	OK	 
REQUEST		GitHub Home	1710178979336	1710178987940	OK	 
REQUEST		GitHub Search	1710178985836	1710178988070	OK	 
USER	GitHub Search	END	1710178988071
REQUEST		GitHub Search	1710178984831	1710178988203	OK	 
USER	GitHub Search	END	1710178988204
REQUEST		GitHub Home	1710178979539	1710178988564	OK	 
REQUEST		GitHub Search	1710178985186	1710178988615	OK	 
USER	GitHub Search	END	1710178988616
REQUEST		GitHub Search	1710178985263	1710178988626	OK	 
USER	GitHub Search	END	1710178988626
REQUEST		GitHub Home	1710178979631	1710178988680	OK	 
REQUEST		GitHub Search	1710178986590	1710178988755	OK	 
USER	GitHub Search	END	1710178988756
REQUEST		GitHub Home	1710178979739	1710178988803	OK	 
REQUEST		GitHub Home	1710178979834	1710178988953	OK	 
REQUEST		GitHub Search	1710178986884	1710178989083	OK	 
USER	GitHub Search	END	1710178989083
REQUEST		GitHub Home	1710178979944	1710178989271	OK	 
REQUEST		GitHub Home	1710178980036	1710178989443	OK	 
REQUEST		GitHub Search	1710178986038	1710178989449	OK	 
USER	GitHub Search	END	1710178989450
REQUEST		GitHub Search	1710178987346	1710178989602	OK	 
USER	GitHub Search	END	1710178989603
REQUEST		GitHub Home	1710178980143	1710178989627	OK	 
REQUEST		GitHub Search	1710178986285	1710178989641	OK	 
USER	GitHub Search	END	1710178989642
REQUEST		GitHub Home	1710178980236	1710178989765	OK	 
REQUEST		GitHub Home	1710178980337	1710178989794	OK	 
REQUEST		GitHub Home	1710178980439	1710178989862	OK	 
REQUEST		GitHub Search	1710178982439	1710178989869	OK	 
USER	GitHub Search	END	1710178989870
REQUEST		GitHub Home	1710178980534	1710178990015	OK	 
REQUEST		GitHub Home	1710178980643	1710178990055	OK	 
REQUEST		GitHub Home	1710178980734	1710178990074	OK	 
REQUEST		GitHub Home	1710178980842	1710178990197	OK	 
REQUEST		GitHub Search	1710178987099	1710178990303	OK	 
USER	GitHub Search	END	1710178990305
REQUEST		GitHub Home	1710178981432	1710178990325	OK	 
REQUEST		GitHub Home	1710178980937	1710178990464	OK	 
REQUEST		GitHub Home	1710178981045	1710178990539	OK	 
REQUEST		GitHub Search	1710178988787	1710178990685	OK	 
USER	GitHub Search	END	1710178990687
REQUEST		GitHub Search	1710178987828	1710178990691	OK	 
USER	GitHub Search	END	1710178990692
REQUEST		GitHub Search	1710178988985	1710178990819	OK	 
USER	GitHub Search	END	1710178990820
REQUEST		GitHub Search	1710178988091	1710178990879	OK	 
REQUEST		GitHub Home	1710178981635	1710178990879	OK	 
USER	GitHub Search	END	1710178990880
REQUEST		GitHub Home	1710178981742	1710178990907	OK	 
REQUEST		GitHub Search	1710178989395	1710178991032	OK	 
USER	GitHub Search	END	1710178991032
REQUEST		GitHub Home	1710178981835	1710178991039	OK	 
REQUEST		GitHub Search	1710178988570	1710178991098	OK	 
USER	GitHub Search	END	1710178991098
REQUEST		GitHub Search	1710178989948	1710178991366	OK	 
USER	GitHub Search	END	1710178991367
REQUEST		GitHub Search	1710178989301	1710178991476	OK	 
USER	GitHub Search	END	1710178991477
REQUEST		GitHub Home	1710178982439	1710178991553	OK	 
REQUEST		GitHub Search	1710178989780	1710178991592	OK	 
USER	GitHub Search	END	1710178991593
REQUEST		GitHub Search	1710178990689	1710178991737	OK	 
USER	GitHub Search	END	1710178991738
REQUEST		GitHub Search	1710178990813	1710178991847	OK	 
USER	GitHub Search	END	1710178991847
REQUEST		GitHub Search	1710178990567	1710178992053	OK	 
USER	GitHub Search	END	1710178992054
REQUEST		GitHub Home	1710178979432	1710178992305	OK	 
REQUEST		GitHub Search	1710178991445	1710178992446	OK	 
USER	GitHub Search	END	1710178992447
REQUEST		GitHub Search	1710178990967	1710178992481	OK	 
USER	GitHub Search	END	1710178992482
REQUEST		GitHub Search	1710178991274	1710178992708	OK	 
USER	GitHub Search	END	1710178992709
REQUEST		GitHub Search	1710178991800	1710178992890	OK	 
USER	GitHub Search	END	1710178992891
REQUEST		GitHub Search	1710178991877	1710178993037	OK	 
USER	GitHub Search	END	1710178993038
REQUEST		GitHub Search	1710178991629	1710178993182	OK	 
USER	GitHub Search	END	1710178993183
REQUEST		GitHub Search	1710178992061	1710178993306	OK	 
USER	GitHub Search	END	1710178993307
REQUEST		GitHub Search	1710178992077	1710178993379	OK	 
USER	GitHub Search	END	1710178993380
REQUEST		GitHub Search	1710178991769	1710178993396	OK	 
USER	GitHub Search	END	1710178993397
REQUEST		GitHub Search	1710178992199	1710178993462	OK	 
USER	GitHub Search	END	1710178993463
REQUEST		GitHub Search	1710178992338	1710178993666	OK	 
USER	GitHub Search	END	1710178993667
REQUEST		GitHub Home	1710178981234	1710178993760	OK	 
REQUEST		GitHub Search	1710178992478	1710178993845	OK	 
USER	GitHub Search	END	1710178993846
REQUEST		GitHub Home	1710178982039	1710178993869	OK	 
REQUEST		GitHub Search	1710178992541	1710178993938	OK	 
USER	GitHub Search	END	1710178993938
REQUEST		GitHub Search	1710178992883	1710178994039	OK	 
USER	GitHub Search	END	1710178994040
REQUEST		GitHub Home	1710178982331	1710178994048	OK	 
REQUEST		GitHub Search	1710178992914	1710178994169	OK	 
USER	GitHub Search	END	1710178994170
REQUEST		GitHub Search	1710178993054	1710178994253	OK	 
USER	GitHub Search	END	1710178994254
REQUEST		GitHub Home	1710178981543	1710178994270	OK	 
REQUEST		GitHub Home	1710178981945	1710178994276	OK	 
REQUEST		GitHub Home	1710178981139	1710178994282	OK	 
REQUEST		GitHub Home	1710178982239	1710178994299	OK	 
REQUEST		GitHub Search	1710178993566	1710178994367	OK	 
REQUEST		GitHub Home	1710178981344	1710178994367	OK	 
USER	GitHub Search	END	1710178994368
REQUEST		GitHub Home	1710178982131	1710178994422	OK	 
REQUEST		GitHub Search	1710178992023	1710178994612	OK	 
USER	GitHub Search	END	1710178994612
REQUEST		GitHub Search	1710178994314	1710178994626	OK	 
USER	GitHub Search	END	1710178994627
REQUEST		GitHub Search	1710178995770	1710178995888	OK	 
USER	GitHub Search	END	1710178995889
REQUEST		GitHub Search	1710178995879	1710178996010	OK	 
USER	GitHub Search	END	1710178996011
REQUEST		GitHub Search	1710178996051	1710178997139	OK	 
USER	GitHub Search	END	1710178997140
REQUEST		GitHub Search	1710178996315	1710178997404	OK	 
USER	GitHub Search	END	1710178997405
REQUEST		GitHub Search	1710178996378	1710178997412	OK	 
USER	GitHub Search	END	1710178997412
REQUEST		GitHub Search	1710178996439	1710178997442	OK	 
USER	GitHub Search	END	1710178997443
REQUEST		GitHub Search	1710178996285	1710178997453	OK	 
REQUEST		GitHub Search	1710178996285	1710178997453	OK	 
USER	GitHub Search	END	1710178997454
USER	GitHub Search	END	1710178997454
REQUEST		GitHub Search	1710178996285	1710178997462	OK	 
USER	GitHub Search	END	1710178997463
REQUEST		GitHub Search	1710178981344	1710179002475	OK	 
USER	GitHub Search	END	1710179002476
